{"/home/henk/Development/02 Real Time Projects/Web Dev/Project Unit Testing Jest/functions.js": {"path":"/home/henk/Development/02 Real Time Projects/Web Dev/Project Unit Testing Jest/functions.js","statementMap":{"0":{"start":{"line":1,"column":18},"end":{"line":7,"column":1}},"1":{"start":{"line":2,"column":25},"end":{"line":2,"column":36}},"2":{"start":{"line":3,"column":18},"end":{"line":3,"column":22}},"3":{"start":{"line":4,"column":21},"end":{"line":4,"column":22}},"4":{"start":{"line":6,"column":22},"end":{"line":6,"column":27}},"5":{"start":{"line":8,"column":0},"end":{"line":8,"column":27}}},"fnMap":{"0":{"name":"(anonymous_0)","decl":{"start":{"line":2,"column":9},"end":{"line":2,"column":10}},"loc":{"start":{"line":2,"column":25},"end":{"line":2,"column":36}},"line":2},"1":{"name":"(anonymous_1)","decl":{"start":{"line":3,"column":12},"end":{"line":3,"column":13}},"loc":{"start":{"line":3,"column":18},"end":{"line":3,"column":22}},"line":3},"2":{"name":"(anonymous_2)","decl":{"start":{"line":4,"column":16},"end":{"line":4,"column":17}},"loc":{"start":{"line":4,"column":21},"end":{"line":4,"column":22}},"line":4},"3":{"name":"(anonymous_3)","decl":{"start":{"line":6,"column":13},"end":{"line":6,"column":14}},"loc":{"start":{"line":6,"column":22},"end":{"line":6,"column":27}},"line":6}},"branchMap":{},"s":{"0":1,"1":0,"2":0,"3":1,"4":0,"5":1},"f":{"0":0,"1":0,"2":1,"3":0},"b":{},"_coverageSchema":"1a1c01bbd47fc00a2c39e90264f33305004495a9","hash":"90ddc71a5a46a59b4200fe9763e2aa5794a085df"}
}
