{"/home/henk/Development/02 Real Time Projects/Web Dev/Project Unit Testing Jest/reverseString.js": {"path":"/home/henk/Development/02 Real Time Projects/Web Dev/Project Unit Testing Jest/reverseString.js","all":false,"statementMap":{"0":{"start":{"line":1,"column":0},"end":{"line":1,"column":76}},"1":{"start":{"line":2,"column":0},"end":{"line":2,"column":0}},"2":{"start":{"line":3,"column":0},"end":{"line":3,"column":31}}},"s":{"0":1,"1":1,"2":1},"branchMap":{},"b":{},"fnMap":{"0":{"name":"reverseString","decl":{"start":{"line":1,"column":22},"end":{"line":1,"column":32}},"loc":{"start":{"line":1,"column":22},"end":{"line":1,"column":32}},"line":1}},"f":{"0":0}}
}
