TN:
SF:src/js/functions.js
FN:5,add
FN:6,isNull
FN:7,checkValue
FN:8,isArray
FN:9,createUser
FN:14,fetchUser
FNF:6
FNH:5
FNDA:2,add
FNDA:1,isNull
FNDA:2,checkValue
FNDA:0,isArray
FNDA:1,createUser
FNDA:2,fetchUser
DA:1,1
DA:2,1
DA:3,1
DA:4,1
DA:5,1
DA:6,1
DA:7,1
DA:8,1
DA:9,1
DA:10,1
DA:11,1
DA:12,1
DA:13,1
DA:14,1
DA:15,2
DA:16,1
DA:17,1
DA:18,1
DA:19,1
DA:20,1
LF:20
LH:20
BRDA:5,0,0,2
BRDA:6,1,0,1
BRDA:7,2,0,2
BRDA:9,3,0,1
BRDA:14,4,0,2
BRDA:17,5,0,2
BRF:6
BRH:6
end_of_record
TN:
SF:src/js/reverseString.js
FN:1,reverseString
FNF:1
FNH:1
FNDA:2,reverseString
DA:1,1
DA:2,1
DA:3,1
LF:3
LH:3
BRDA:1,0,0,2
BRF:1
BRH:1
end_of_record
